0 info it worked if it ends with ok
1 verbose cli [ '/home/mili/.nvm/versions/node/v6.3.0/bin/node',
1 verbose cli   '/home/mili/.nvm/versions/node/v6.3.0/bin/npm',
1 verbose cli   'view',
1 verbose cli   '--json',
1 verbose cli   'credscan-pkg',
1 verbose cli   'description',
1 verbose cli   'dist-tags.latest',
1 verbose cli   'homepage',
1 verbose cli   'version' ]
2 info using npm@3.10.3
3 info using node@v6.3.0
4 silly mapToRegistry name credscan-pkg
5 silly mapToRegistry using default registry
6 silly mapToRegistry registry https://registry.npmjs.org/
7 silly mapToRegistry data Result {
7 silly mapToRegistry   raw: 'credscan-pkg',
7 silly mapToRegistry   scope: null,
7 silly mapToRegistry   escapedName: 'credscan-pkg',
7 silly mapToRegistry   name: 'credscan-pkg',
7 silly mapToRegistry   rawSpec: '',
7 silly mapToRegistry   spec: 'latest',
7 silly mapToRegistry   type: 'tag' }
8 silly mapToRegistry uri https://registry.npmjs.org/credscan-pkg
9 verbose request uri https://registry.npmjs.org/credscan-pkg
10 verbose request no auth needed
11 info attempt registry request try #1 at 3:44:46 PM
12 verbose request id b75f7dd74a91730c
13 http request GET https://registry.npmjs.org/credscan-pkg
14 http 404 https://registry.npmjs.org/credscan-pkg
15 verbose headers { date: 'Tue, 20 Jul 2021 10:14:47 GMT',
15 verbose headers   'content-type': 'application/json',
15 verbose headers   'content-length': '21',
15 verbose headers   connection: 'keep-alive',
15 verbose headers   'cf-ray': '671b6caa6f00d59b-BOM',
15 verbose headers   vary: 'Accept-Encoding',
15 verbose headers   'cf-cache-status': 'EXPIRED',
15 verbose headers   'expect-ct': 'max-age=604800, report-uri="https://report-uri.cloudflare.com/cdn-cgi/beacon/expect-ct"',
15 verbose headers   server: 'cloudflare' }
16 silly get cb [ 404,
16 silly get   { date: 'Tue, 20 Jul 2021 10:14:47 GMT',
16 silly get     'content-type': 'application/json',
16 silly get     'content-length': '21',
16 silly get     connection: 'keep-alive',
16 silly get     'cf-ray': '671b6caa6f00d59b-BOM',
16 silly get     vary: 'Accept-Encoding',
16 silly get     'cf-cache-status': 'EXPIRED',
16 silly get     'expect-ct': 'max-age=604800, report-uri="https://report-uri.cloudflare.com/cdn-cgi/beacon/expect-ct"',
16 silly get     server: 'cloudflare' } ]
17 verbose stack Error: Not found : credscan-pkg
17 verbose stack     at makeError (/home/mili/.nvm/versions/node/v6.3.0/lib/node_modules/npm/node_modules/npm-registry-client/lib/request.js:264:12)
17 verbose stack     at CachingRegistryClient.<anonymous> (/home/mili/.nvm/versions/node/v6.3.0/lib/node_modules/npm/node_modules/npm-registry-client/lib/request.js:252:14)
17 verbose stack     at Request._callback (/home/mili/.nvm/versions/node/v6.3.0/lib/node_modules/npm/node_modules/npm-registry-client/lib/request.js:172:14)
17 verbose stack     at Request.self.callback (/home/mili/.nvm/versions/node/v6.3.0/lib/node_modules/npm/node_modules/request/request.js:200:22)
17 verbose stack     at emitTwo (events.js:106:13)
17 verbose stack     at Request.emit (events.js:191:7)
17 verbose stack     at Request.<anonymous> (/home/mili/.nvm/versions/node/v6.3.0/lib/node_modules/npm/node_modules/request/request.js:1067:10)
17 verbose stack     at emitOne (events.js:101:20)
17 verbose stack     at Request.emit (events.js:188:7)
17 verbose stack     at IncomingMessage.<anonymous> (/home/mili/.nvm/versions/node/v6.3.0/lib/node_modules/npm/node_modules/request/request.js:988:12)
18 verbose statusCode 404
19 verbose pkgid credscan-pkg
20 verbose cwd /home/mili/Desktop/finaltest/cli
21 error Linux 5.8.0-59-generic
22 error argv "/home/mili/.nvm/versions/node/v6.3.0/bin/node" "/home/mili/.nvm/versions/node/v6.3.0/bin/npm" "view" "--json" "credscan-pkg" "description" "dist-tags.latest" "homepage" "version"
23 error node v6.3.0
24 error npm  v3.10.3
25 error code E404
26 error 404 Not found : credscan-pkg
27 error 404
28 error 404 'credscan-pkg' is not in the npm registry.
29 error 404 You should bug the author to publish it (or use the name yourself!)
30 error 404 Note that you can also install from a
31 error 404 tarball, folder, http url, or git url.
32 verbose exit [ 1, true ]
